c:\users\jovan\desktop\dev\c,c++\rigelreloaded\rigelreloaded\debug\vc140.pdb
c:\users\jovan\desktop\dev\c,c++\rigelreloaded\rigelreloaded\debug\vc140.idb
c:\users\jovan\desktop\dev\c,c++\rigelreloaded\rigelreloaded\debug\main.obj
c:\users\jovan\desktop\dev\c,c++\rigelreloaded\rigelreloaded\debug\rigel-event.obj
c:\users\jovan\desktop\dev\c,c++\rigelreloaded\rigelreloaded\debug\rigel-client-slot.obj
c:\users\jovan\desktop\dev\c,c++\rigelreloaded\rigelreloaded\debug\rigel-tcp-client.obj
c:\users\jovan\desktop\dev\c,c++\rigelreloaded\rigelreloaded\debug\rigel-registry.obj
c:\users\jovan\desktop\dev\c,c++\rigelreloaded\rigelreloaded\debug\rigel-handlers.obj
c:\users\jovan\desktop\dev\c,c++\rigelreloaded\rigelreloaded\debug\rigel-node.obj
c:\users\jovan\desktop\dev\c,c++\rigelreloaded\rigelreloaded\debug\rigel-tcp-server.obj
c:\users\jovan\desktop\dev\c,c++\rigelreloaded\rigelreloaded\debug\rigel-udp-client.obj
c:\users\jovan\desktop\dev\c,c++\rigelreloaded\rigelreloaded\debug\rigel-udp-connector.obj
c:\users\jovan\desktop\dev\c,c++\rigelreloaded\rigelreloaded\debug\rigel-udp-server.obj
c:\users\jovan\desktop\dev\c,c++\rigelreloaded\rigelreloaded\debug\udptest.obj
c:\users\jovan\desktop\dev\c,c++\rigelreloaded\debug\rigelreloaded.pdb
c:\users\jovan\desktop\dev\c,c++\rigelreloaded\debug\rigelreloaded.exe
c:\users\jovan\desktop\dev\c,c++\rigelreloaded\debug\rigelreloaded.ilk
c:\users\jovan\desktop\dev\c,c++\rigelreloaded\rigelreloaded\debug\rigelreloaded.tlog\cl.command.1.tlog
c:\users\jovan\desktop\dev\c,c++\rigelreloaded\rigelreloaded\debug\rigelreloaded.tlog\cl.read.1.tlog
c:\users\jovan\desktop\dev\c,c++\rigelreloaded\rigelreloaded\debug\rigelreloaded.tlog\cl.write.1.tlog
c:\users\jovan\desktop\dev\c,c++\rigelreloaded\rigelreloaded\debug\rigelreloaded.tlog\link.command.1.tlog
c:\users\jovan\desktop\dev\c,c++\rigelreloaded\rigelreloaded\debug\rigelreloaded.tlog\link.read.1.tlog
c:\users\jovan\desktop\dev\c,c++\rigelreloaded\rigelreloaded\debug\rigelreloaded.tlog\link.write.1.tlog
